app/build/intermediates/manifest_merge_blame_file/debug/manifest-merger-blame-debug-report.txt
1<?xml version="1.0" encoding="utf-8"?>
2<manifest xmlns:android="http://schemas.android.com/apk/res/android"
3    package="com.example.wifimonitor"
4    android:versionCode="1"
5    android:versionName="1.0" >
6
7    <uses-sdk
8        android:minSdkVersion="24"
9        android:targetSdkVersion="34" />
10
11    <uses-permission android:name="android.permission.INTERNET" />
11-->src\main\AndroidManifest.xml:5:5-67
11-->src\main\AndroidManifest.xml:5:22-64
12    <uses-permission android:name="android.permission.ACCESS_NETWORK_STATE" />
12-->src\main\AndroidManifest.xml:6:5-79
12-->src\main\AndroidManifest.xml:6:22-76
13    <uses-permission android:name="android.permission.ACCESS_WIFI_STATE" />
13-->src\main\AndroidManifest.xml:7:5-76
13-->src\main\AndroidManifest.xml:7:22-73
14    <uses-permission android:name="android.permission.PACKAGE_USAGE_STATS" />
14-->src\main\AndroidManifest.xml:8:5-9:47
14-->src\main\AndroidManifest.xml:8:22-75
15    <uses-permission android:name="android.permission.READ_PHONE_STATE" />
15-->src\main\AndroidManifest.xml:10:5-75
15-->src\main\AndroidManifest.xml:10:22-72
16    <uses-permission android:name="android.permission.FOREGROUND_SERVICE" />
16-->src\main\AndroidManifest.xml:11:5-77
16-->src\main\AndroidManifest.xml:11:22-74
17    <uses-permission android:name="android.permission.POST_NOTIFICATIONS" />
17-->src\main\AndroidManifest.xml:12:5-77
17-->src\main\AndroidManifest.xml:12:22-74
18    <uses-permission android:name="android.permission.USE_BIOMETRIC" />
18-->src\main\AndroidManifest.xml:13:5-72
18-->src\main\AndroidManifest.xml:13:22-69
19    <uses-permission android:name="android.permission.USE_FINGERPRINT" />
19-->src\main\AndroidManifest.xml:14:5-74
19-->src\main\AndroidManifest.xml:14:22-71
20    <uses-permission android:name="android.permission.BIND_VPN_SERVICE" />
20-->src\main\AndroidManifest.xml:15:5-75
20-->src\main\AndroidManifest.xml:15:22-72
21    <uses-permission android:name="android.permission.WAKE_LOCK" /> <!-- Required by older versions of Google Play services to create IID tokens -->
21-->[com.google.firebase:firebase-messaging:23.4.0] AndroidManifest.xml:24:5-68
21-->[com.google.firebase:firebase-messaging:23.4.0] AndroidManifest.xml:24:22-65
22    <uses-permission android:name="com.google.android.c2dm.permission.RECEIVE" />
22-->[com.google.firebase:firebase-messaging:23.4.0] AndroidManifest.xml:26:5-82
22-->[com.google.firebase:firebase-messaging:23.4.0] AndroidManifest.xml:26:22-79
23    <uses-permission android:name="android.permission.RECEIVE_BOOT_COMPLETED" />
23-->[androidx.work:work-runtime:2.9.0] AndroidManifest.xml:25:5-81
23-->[androidx.work:work-runtime:2.9.0] AndroidManifest.xml:25:22-78
24
25    <permission
25-->[androidx.core:core:1.12.0] AndroidManifest.xml:22:5-24:47
26        android:name="com.example.wifimonitor.DYNAMIC_RECEIVER_NOT_EXPORTED_PERMISSION"
26-->[androidx.core:core:1.12.0] AndroidManifest.xml:23:9-81
27        android:protectionLevel="signature" />
27-->[androidx.core:core:1.12.0] AndroidManifest.xml:24:9-44
28
29    <uses-permission android:name="com.example.wifimonitor.DYNAMIC_RECEIVER_NOT_EXPORTED_PERMISSION" />
29-->[androidx.core:core:1.12.0] AndroidManifest.xml:26:5-97
29-->[androidx.core:core:1.12.0] AndroidManifest.xml:26:22-94
30
31    <application
31-->src\main\AndroidManifest.xml:17:5-60:19
32        android:name="com.example.wifimonitor.WifiMonitorApplication"
32-->src\main\AndroidManifest.xml:18:9-47
33        android:allowBackup="true"
33-->src\main\AndroidManifest.xml:19:9-35
34        android:appComponentFactory="androidx.core.app.CoreComponentFactory"
34-->[androidx.core:core:1.12.0] AndroidManifest.xml:28:18-86
35        android:dataExtractionRules="@xml/data_extraction_rules"
35-->src\main\AndroidManifest.xml:20:9-65
36        android:debuggable="true"
37        android:extractNativeLibs="false"
38        android:fullBackupContent="@xml/backup_rules"
38-->src\main\AndroidManifest.xml:21:9-54
39        android:icon="@mipmap/ic_launcher"
39-->src\main\AndroidManifest.xml:22:9-43
40        android:label="@string/app_name"
40-->src\main\AndroidManifest.xml:23:9-41
41        android:roundIcon="@mipmap/ic_launcher_round"
41-->src\main\AndroidManifest.xml:24:9-54
42        android:supportsRtl="true"
42-->src\main\AndroidManifest.xml:25:9-35
43        android:theme="@style/Theme.WiFiMonitor"
43-->src\main\AndroidManifest.xml:26:9-49
44        android:usesCleartextTraffic="true" >
44-->src\main\AndroidManifest.xml:27:9-44
45        <activity
45-->src\main\AndroidManifest.xml:30:9-38:20
46            android:name="com.example.wifimonitor.ui.MainActivity"
46-->src\main\AndroidManifest.xml:31:13-44
47            android:exported="true"
47-->src\main\AndroidManifest.xml:32:13-36
48            android:theme="@style/Theme.WiFiMonitor" >
48-->src\main\AndroidManifest.xml:33:13-53
49            <intent-filter>
49-->src\main\AndroidManifest.xml:34:13-37:29
50                <action android:name="android.intent.action.MAIN" />
50-->src\main\AndroidManifest.xml:35:17-69
50-->src\main\AndroidManifest.xml:35:25-66
51
52                <category android:name="android.intent.category.LAUNCHER" />
52-->src\main\AndroidManifest.xml:36:17-77
52-->src\main\AndroidManifest.xml:36:27-74
53            </intent-filter>
54        </activity>
55
56        <service
56-->src\main\AndroidManifest.xml:40:9-43:40
57            android:name="com.example.wifimonitor.service.MonitoringService"
57-->src\main\AndroidManifest.xml:41:13-54
58            android:enabled="true"
58-->src\main\AndroidManifest.xml:42:13-35
59            android:exported="false" />
59-->src\main\AndroidManifest.xml:43:13-37
60        <service
60-->src\main\AndroidManifest.xml:45:9-49:40
61            android:name="com.example.wifimonitor.service.DnsFilterVpnService"
61-->src\main\AndroidManifest.xml:46:13-56
62            android:enabled="true"
62-->src\main\AndroidManifest.xml:48:13-35
63            android:exported="false"
63-->src\main\AndroidManifest.xml:49:13-37
64            android:permission="android.permission.BIND_VPN_SERVICE" />
64-->src\main\AndroidManifest.xml:47:13-69
65
66        <receiver
66-->src\main\AndroidManifest.xml:51:9-58:20
67            android:name="com.example.wifimonitor.receiver.BootReceiver"
67-->src\main\AndroidManifest.xml:52:13-50
68            android:enabled="true"
68-->src\main\AndroidManifest.xml:53:13-35
69            android:exported="false" >
69-->src\main\AndroidManifest.xml:54:13-37
70            <intent-filter>
70-->src\main\AndroidManifest.xml:55:13-57:29
71                <action android:name="android.intent.action.BOOT_COMPLETED" />
71-->src\main\AndroidManifest.xml:56:17-79
71-->src\main\AndroidManifest.xml:56:25-76
72            </intent-filter>
73        </receiver>
74
75        <service
75-->[com.google.firebase:firebase-auth-ktx:22.3.0] AndroidManifest.xml:8:9-14:19
76            android:name="com.google.firebase.components.ComponentDiscoveryService"
76-->[com.google.firebase:firebase-auth-ktx:22.3.0] AndroidManifest.xml:9:13-84
77            android:directBootAware="true"
77-->[com.google.firebase:firebase-common:20.4.2] AndroidManifest.xml:32:13-43
78            android:exported="false" >
78-->[com.google.firebase:firebase-auth-ktx:22.3.0] AndroidManifest.xml:10:13-37
79            <meta-data
79-->[com.google.firebase:firebase-auth-ktx:22.3.0] AndroidManifest.xml:11:13-13:85
80                android:name="com.google.firebase.components:com.google.firebase.auth.ktx.FirebaseAuthLegacyRegistrar"
80-->[com.google.firebase:firebase-auth-ktx:22.3.0] AndroidManifest.xml:12:17-119
81                android:value="com.google.firebase.components.ComponentRegistrar" />
81-->[com.google.firebase:firebase-auth-ktx:22.3.0] AndroidManifest.xml:13:17-82
82            <meta-data
82-->[com.google.firebase:firebase-auth:22.3.0] AndroidManifest.xml:69:13-71:85
83                android:name="com.google.firebase.components:com.google.firebase.auth.FirebaseAuthRegistrar"
83-->[com.google.firebase:firebase-auth:22.3.0] AndroidManifest.xml:70:17-109
84                android:value="com.google.firebase.components.ComponentRegistrar" />
84-->[com.google.firebase:firebase-auth:22.3.0] AndroidManifest.xml:71:17-82
85            <meta-data
85-->[com.google.firebase:firebase-firestore-ktx:24.10.0] AndroidManifest.xml:12:13-14:85
86                android:name="com.google.firebase.components:com.google.firebase.firestore.ktx.FirebaseFirestoreLegacyRegistrar"
86-->[com.google.firebase:firebase-firestore-ktx:24.10.0] AndroidManifest.xml:13:17-129
87                android:value="com.google.firebase.components.ComponentRegistrar" />
87-->[com.google.firebase:firebase-firestore-ktx:24.10.0] AndroidManifest.xml:14:17-82
88            <meta-data
88-->[com.google.firebase:firebase-messaging-ktx:23.4.0] AndroidManifest.xml:26:13-28:85
89                android:name="com.google.firebase.components:com.google.firebase.messaging.ktx.FirebaseMessagingLegacyRegistrar"
89-->[com.google.firebase:firebase-messaging-ktx:23.4.0] AndroidManifest.xml:27:17-129
90                android:value="com.google.firebase.components.ComponentRegistrar" />
90-->[com.google.firebase:firebase-messaging-ktx:23.4.0] AndroidManifest.xml:28:17-82
91            <meta-data
91-->[com.google.firebase:firebase-firestore:24.10.0] AndroidManifest.xml:17:13-19:85
92                android:name="com.google.firebase.components:com.google.firebase.firestore.FirebaseFirestoreKtxRegistrar"
92-->[com.google.firebase:firebase-firestore:24.10.0] AndroidManifest.xml:18:17-122
93                android:value="com.google.firebase.components.ComponentRegistrar" />
93-->[com.google.firebase:firebase-firestore:24.10.0] AndroidManifest.xml:19:17-82
94            <meta-data
94-->[com.google.firebase:firebase-firestore:24.10.0] AndroidManifest.xml:20:13-22:85
95                android:name="com.google.firebase.components:com.google.firebase.firestore.FirestoreRegistrar"
95-->[com.google.firebase:firebase-firestore:24.10.0] AndroidManifest.xml:21:17-111
96                android:value="com.google.firebase.components.ComponentRegistrar" />
96-->[com.google.firebase:firebase-firestore:24.10.0] AndroidManifest.xml:22:17-82
97            <meta-data
97-->[com.google.firebase:firebase-messaging:23.4.0] AndroidManifest.xml:57:13-59:85
98                android:name="com.google.firebase.components:com.google.firebase.messaging.FirebaseMessagingKtxRegistrar"
98-->[com.google.firebase:firebase-messaging:23.4.0] AndroidManifest.xml:58:17-122
99                android:value="com.google.firebase.components.ComponentRegistrar" />
99-->[com.google.firebase:firebase-messaging:23.4.0] AndroidManifest.xml:59:17-82
100            <meta-data
100-->[com.google.firebase:firebase-messaging:23.4.0] AndroidManifest.xml:60:13-62:85
101                android:name="com.google.firebase.components:com.google.firebase.messaging.FirebaseMessagingRegistrar"
101-->[com.google.firebase:firebase-messaging:23.4.0] AndroidManifest.xml:61:17-119
102                android:value="com.google.firebase.components.ComponentRegistrar" />
102-->[com.google.firebase:firebase-messaging:23.4.0] AndroidManifest.xml:62:17-82
103            <meta-data
103-->[com.google.firebase:firebase-installations:17.2.0] AndroidManifest.xml:15:13-17:85
104                android:name="com.google.firebase.components:com.google.firebase.installations.FirebaseInstallationsKtxRegistrar"
104-->[com.google.firebase:firebase-installations:17.2.0] AndroidManifest.xml:16:17-130
105                android:value="com.google.firebase.components.ComponentRegistrar" />
105-->[com.google.firebase:firebase-installations:17.2.0] AndroidManifest.xml:17:17-82
106            <meta-data
106-->[com.google.firebase:firebase-installations:17.2.0] AndroidManifest.xml:18:13-20:85
107                android:name="com.google.firebase.components:com.google.firebase.installations.FirebaseInstallationsRegistrar"
107-->[com.google.firebase:firebase-installations:17.2.0] AndroidManifest.xml:19:17-127
108                android:value="com.google.firebase.components.ComponentRegistrar" />
108-->[com.google.firebase:firebase-installations:17.2.0] AndroidManifest.xml:20:17-82
109            <meta-data
109-->[com.google.firebase:firebase-common-ktx:20.4.2] AndroidManifest.xml:12:13-14:85
110                android:name="com.google.firebase.components:com.google.firebase.ktx.FirebaseCommonLegacyRegistrar"
110-->[com.google.firebase:firebase-common-ktx:20.4.2] AndroidManifest.xml:13:17-116
111                android:value="com.google.firebase.components.ComponentRegistrar" />
111-->[com.google.firebase:firebase-common-ktx:20.4.2] AndroidManifest.xml:14:17-82
112            <meta-data
112-->[com.google.firebase:firebase-common:20.4.2] AndroidManifest.xml:35:13-37:85
113                android:name="com.google.firebase.components:com.google.firebase.FirebaseCommonKtxRegistrar"
113-->[com.google.firebase:firebase-common:20.4.2] AndroidManifest.xml:36:17-109
114                android:value="com.google.firebase.components.ComponentRegistrar" />
114-->[com.google.firebase:firebase-common:20.4.2] AndroidManifest.xml:37:17-82
115            <meta-data
115-->[com.google.firebase:firebase-datatransport:18.1.7] AndroidManifest.xml:27:13-29:85
116                android:name="com.google.firebase.components:com.google.firebase.datatransport.TransportRegistrar"
116-->[com.google.firebase:firebase-datatransport:18.1.7] AndroidManifest.xml:28:17-115
117                android:value="com.google.firebase.components.ComponentRegistrar" />
117-->[com.google.firebase:firebase-datatransport:18.1.7] AndroidManifest.xml:29:17-82
118        </service>
119
120        <activity
120-->[com.google.firebase:firebase-auth:22.3.0] AndroidManifest.xml:29:9-46:20
121            android:name="com.google.firebase.auth.internal.GenericIdpActivity"
121-->[com.google.firebase:firebase-auth:22.3.0] AndroidManifest.xml:30:13-80
122            android:excludeFromRecents="true"
122-->[com.google.firebase:firebase-auth:22.3.0] AndroidManifest.xml:31:13-46
123            android:exported="true"
123-->[com.google.firebase:firebase-auth:22.3.0] AndroidManifest.xml:32:13-36
124            android:launchMode="singleTask"
124-->[com.google.firebase:firebase-auth:22.3.0] AndroidManifest.xml:33:13-44
125            android:theme="@android:style/Theme.Translucent.NoTitleBar" >
125-->[com.google.firebase:firebase-auth:22.3.0] AndroidManifest.xml:34:13-72
126            <intent-filter>
126-->[com.google.firebase:firebase-auth:22.3.0] AndroidManifest.xml:35:13-45:29
127                <action android:name="android.intent.action.VIEW" />
127-->[com.google.firebase:firebase-auth:22.3.0] AndroidManifest.xml:36:17-69
127-->[com.google.firebase:firebase-auth:22.3.0] AndroidManifest.xml:36:25-66
128
129                <category android:name="android.intent.category.DEFAULT" />
129-->[com.google.firebase:firebase-auth:22.3.0] AndroidManifest.xml:38:17-76
129-->[com.google.firebase:firebase-auth:22.3.0] AndroidManifest.xml:38:27-73
130                <category android:name="android.intent.category.BROWSABLE" />
130-->[com.google.firebase:firebase-auth:22.3.0] AndroidManifest.xml:39:17-78
130-->[com.google.firebase:firebase-auth:22.3.0] AndroidManifest.xml:39:27-75
131
132                <data
132-->[com.google.firebase:firebase-auth:22.3.0] AndroidManifest.xml:41:17-44:51
133                    android:host="firebase.auth"
133-->[com.google.firebase:firebase-auth:22.3.0] AndroidManifest.xml:42:21-49
134                    android:path="/"
134-->[com.google.firebase:firebase-auth:22.3.0] AndroidManifest.xml:43:21-37
135                    android:scheme="genericidp" />
135-->[com.google.firebase:firebase-auth:22.3.0] AndroidManifest.xml:44:21-48
136            </intent-filter>
137        </activity>
138        <activity
138-->[com.google.firebase:firebase-auth:22.3.0] AndroidManifest.xml:47:9-64:20
139            android:name="com.google.firebase.auth.internal.RecaptchaActivity"
139-->[com.google.firebase:firebase-auth:22.3.0] AndroidManifest.xml:48:13-79
140            android:excludeFromRecents="true"
140-->[com.google.firebase:firebase-auth:22.3.0] AndroidManifest.xml:49:13-46
141            android:exported="true"
141-->[com.google.firebase:firebase-auth:22.3.0] AndroidManifest.xml:50:13-36
142            android:launchMode="singleTask"
142-->[com.google.firebase:firebase-auth:22.3.0] AndroidManifest.xml:51:13-44
143            android:theme="@android:style/Theme.Translucent.NoTitleBar" >
143-->[com.google.firebase:firebase-auth:22.3.0] AndroidManifest.xml:52:13-72
144            <intent-filter>
144-->[com.google.firebase:firebase-auth:22.3.0] AndroidManifest.xml:53:13-63:29
145                <action android:name="android.intent.action.VIEW" />
145-->[com.google.firebase:firebase-auth:22.3.0] AndroidManifest.xml:36:17-69
145-->[com.google.firebase:firebase-auth:22.3.0] AndroidManifest.xml:36:25-66
146
147                <category android:name="android.intent.category.DEFAULT" />
147-->[com.google.firebase:firebase-auth:22.3.0] AndroidManifest.xml:38:17-76
147-->[com.google.firebase:firebase-auth:22.3.0] AndroidManifest.xml:38:27-73
148                <category android:name="android.intent.category.BROWSABLE" />
148-->[com.google.firebase:firebase-auth:22.3.0] AndroidManifest.xml:39:17-78
148-->[com.google.firebase:firebase-auth:22.3.0] AndroidManifest.xml:39:27-75
149
150                <data
150-->[com.google.firebase:firebase-auth:22.3.0] AndroidManifest.xml:41:17-44:51
151                    android:host="firebase.auth"
151-->[com.google.firebase:firebase-auth:22.3.0] AndroidManifest.xml:42:21-49
152                    android:path="/"
152-->[com.google.firebase:firebase-auth:22.3.0] AndroidManifest.xml:43:21-37
153                    android:scheme="recaptcha" />
153-->[com.google.firebase:firebase-auth:22.3.0] AndroidManifest.xml:44:21-48
154            </intent-filter>
155        </activity>
156
157        <receiver
157-->[com.google.firebase:firebase-messaging:23.4.0] AndroidManifest.xml:29:9-40:20
158            android:name="com.google.firebase.iid.FirebaseInstanceIdReceiver"
158-->[com.google.firebase:firebase-messaging:23.4.0] AndroidManifest.xml:30:13-78
159            android:exported="true"
159-->[com.google.firebase:firebase-messaging:23.4.0] AndroidManifest.xml:31:13-36
160            android:permission="com.google.android.c2dm.permission.SEND" >
160-->[com.google.firebase:firebase-messaging:23.4.0] AndroidManifest.xml:32:13-73
161            <intent-filter>
161-->[com.google.firebase:firebase-messaging:23.4.0] AndroidManifest.xml:33:13-35:29
162                <action android:name="com.google.android.c2dm.intent.RECEIVE" />
162-->[com.google.firebase:firebase-messaging:23.4.0] AndroidManifest.xml:34:17-81
162-->[com.google.firebase:firebase-messaging:23.4.0] AndroidManifest.xml:34:25-78
163            </intent-filter>
164
165            <meta-data
165-->[com.google.firebase:firebase-messaging:23.4.0] AndroidManifest.xml:37:13-39:40
166                android:name="com.google.android.gms.cloudmessaging.FINISHED_AFTER_HANDLED"
166-->[com.google.firebase:firebase-messaging:23.4.0] AndroidManifest.xml:38:17-92
167                android:value="true" />
167-->[com.google.firebase:firebase-messaging:23.4.0] AndroidManifest.xml:39:17-37
168        </receiver>
169        <!--
170             FirebaseMessagingService performs security checks at runtime,
171             but set to not exported to explicitly avoid allowing another app to call it.
172        -->
173        <service
173-->[com.google.firebase:firebase-messaging:23.4.0] AndroidManifest.xml:46:9-53:19
174            android:name="com.google.firebase.messaging.FirebaseMessagingService"
174-->[com.google.firebase:firebase-messaging:23.4.0] AndroidManifest.xml:47:13-82
175            android:directBootAware="true"
175-->[com.google.firebase:firebase-messaging:23.4.0] AndroidManifest.xml:48:13-43
176            android:exported="false" >
176-->[com.google.firebase:firebase-messaging:23.4.0] AndroidManifest.xml:49:13-37
177            <intent-filter android:priority="-500" >
177-->[com.google.firebase:firebase-messaging:23.4.0] AndroidManifest.xml:50:13-52:29
177-->[com.google.firebase:firebase-messaging:23.4.0] AndroidManifest.xml:50:28-51
178                <action android:name="com.google.firebase.MESSAGING_EVENT" />
178-->[com.google.firebase:firebase-messaging:23.4.0] AndroidManifest.xml:51:17-78
178-->[com.google.firebase:firebase-messaging:23.4.0] AndroidManifest.xml:51:25-75
179            </intent-filter>
180        </service>
181
182        <provider
182-->[com.google.firebase:firebase-common:20.4.2] AndroidManifest.xml:23:9-28:39
183            android:name="com.google.firebase.provider.FirebaseInitProvider"
183-->[com.google.firebase:firebase-common:20.4.2] AndroidManifest.xml:24:13-77
184            android:authorities="com.example.wifimonitor.firebaseinitprovider"
184-->[com.google.firebase:firebase-common:20.4.2] AndroidManifest.xml:25:13-72
185            android:directBootAware="true"
185-->[com.google.firebase:firebase-common:20.4.2] AndroidManifest.xml:26:13-43
186            android:exported="false"
186-->[com.google.firebase:firebase-common:20.4.2] AndroidManifest.xml:27:13-37
187            android:initOrder="100" />
187-->[com.google.firebase:firebase-common:20.4.2] AndroidManifest.xml:28:13-36
188
189        <activity
189-->[com.google.android.gms:play-services-base:18.0.1] AndroidManifest.xml:20:9-22:45
190            android:name="com.google.android.gms.common.api.GoogleApiActivity"
190-->[com.google.android.gms:play-services-base:18.0.1] AndroidManifest.xml:20:19-85
191            android:exported="false"
191-->[com.google.android.gms:play-services-base:18.0.1] AndroidManifest.xml:22:19-43
192            android:theme="@android:style/Theme.Translucent.NoTitleBar" />
192-->[com.google.android.gms:play-services-base:18.0.1] AndroidManifest.xml:21:19-78
193        <activity
193-->[androidx.compose.ui:ui-tooling-android:1.6.1] AndroidManifest.xml:23:9-25:39
194            android:name="androidx.compose.ui.tooling.PreviewActivity"
194-->[androidx.compose.ui:ui-tooling-android:1.6.1] AndroidManifest.xml:24:13-71
195            android:exported="true" />
195-->[androidx.compose.ui:ui-tooling-android:1.6.1] AndroidManifest.xml:25:13-36
196        <activity
196-->[androidx.compose.ui:ui-test-manifest:1.6.1] AndroidManifest.xml:23:9-25:39
197            android:name="androidx.activity.ComponentActivity"
197-->[androidx.compose.ui:ui-test-manifest:1.6.1] AndroidManifest.xml:24:13-63
198            android:exported="true" />
198-->[androidx.compose.ui:ui-test-manifest:1.6.1] AndroidManifest.xml:25:13-36
199
200        <provider
200-->[androidx.work:work-runtime:2.9.0] AndroidManifest.xml:29:9-37:20
201            android:name="androidx.startup.InitializationProvider"
201-->[androidx.work:work-runtime:2.9.0] AndroidManifest.xml:30:13-67
202            android:authorities="com.example.wifimonitor.androidx-startup"
202-->[androidx.work:work-runtime:2.9.0] AndroidManifest.xml:31:13-68
203            android:exported="false" >
203-->[androidx.work:work-runtime:2.9.0] AndroidManifest.xml:32:13-37
204            <meta-data
204-->[androidx.work:work-runtime:2.9.0] AndroidManifest.xml:34:13-36:52
205                android:name="androidx.work.WorkManagerInitializer"
205-->[androidx.work:work-runtime:2.9.0] AndroidManifest.xml:35:17-68
206                android:value="androidx.startup" />
206-->[androidx.work:work-runtime:2.9.0] AndroidManifest.xml:36:17-49
207            <meta-data
207-->[androidx.emoji2:emoji2:1.3.0] AndroidManifest.xml:29:13-31:52
208                android:name="androidx.emoji2.text.EmojiCompatInitializer"
208-->[androidx.emoji2:emoji2:1.3.0] AndroidManifest.xml:30:17-75
209                android:value="androidx.startup" />
209-->[androidx.emoji2:emoji2:1.3.0] AndroidManifest.xml:31:17-49
210            <meta-data
210-->[androidx.lifecycle:lifecycle-process:2.7.0] AndroidManifest.xml:29:13-31:52
211                android:name="androidx.lifecycle.ProcessLifecycleInitializer"
211-->[androidx.lifecycle:lifecycle-process:2.7.0] AndroidManifest.xml:30:17-78
212                android:value="androidx.startup" />
212-->[androidx.lifecycle:lifecycle-process:2.7.0] AndroidManifest.xml:31:17-49
213            <meta-data
213-->[androidx.profileinstaller:profileinstaller:1.3.0] AndroidManifest.xml:29:13-31:52
214                android:name="androidx.profileinstaller.ProfileInstallerInitializer"
214-->[androidx.profileinstaller:profileinstaller:1.3.0] AndroidManifest.xml:30:17-85
215                android:value="androidx.startup" />
215-->[androidx.profileinstaller:profileinstaller:1.3.0] AndroidManifest.xml:31:17-49
216        </provider>
217
218        <service
218-->[androidx.work:work-runtime:2.9.0] AndroidManifest.xml:39:9-45:35
219            android:name="androidx.work.impl.background.systemalarm.SystemAlarmService"
219-->[androidx.work:work-runtime:2.9.0] AndroidManifest.xml:40:13-88
220            android:directBootAware="false"
220-->[androidx.work:work-runtime:2.9.0] AndroidManifest.xml:41:13-44
221            android:enabled="@bool/enable_system_alarm_service_default"
221-->[androidx.work:work-runtime:2.9.0] AndroidManifest.xml:42:13-72
222            android:exported="false" />
222-->[androidx.work:work-runtime:2.9.0] AndroidManifest.xml:43:13-37
223        <service
223-->[androidx.work:work-runtime:2.9.0] AndroidManifest.xml:46:9-52:35
224            android:name="androidx.work.impl.background.systemjob.SystemJobService"
224-->[androidx.work:work-runtime:2.9.0] AndroidManifest.xml:47:13-84
225            android:directBootAware="false"
225-->[androidx.work:work-runtime:2.9.0] AndroidManifest.xml:48:13-44
226            android:enabled="@bool/enable_system_job_service_default"
226-->[androidx.work:work-runtime:2.9.0] AndroidManifest.xml:49:13-70
227            android:exported="true"
227-->[androidx.work:work-runtime:2.9.0] AndroidManifest.xml:50:13-36
228            android:permission="android.permission.BIND_JOB_SERVICE" />
228-->[androidx.work:work-runtime:2.9.0] AndroidManifest.xml:51:13-69
229        <service
229-->[androidx.work:work-runtime:2.9.0] AndroidManifest.xml:53:9-59:35
230            android:name="androidx.work.impl.foreground.SystemForegroundService"
230-->[androidx.work:work-runtime:2.9.0] AndroidManifest.xml:54:13-81
231            android:directBootAware="false"
231-->[androidx.work:work-runtime:2.9.0] AndroidManifest.xml:55:13-44
232            android:enabled="@bool/enable_system_foreground_service_default"
232-->[androidx.work:work-runtime:2.9.0] AndroidManifest.xml:56:13-77
233            android:exported="false" />
233-->[androidx.work:work-runtime:2.9.0] AndroidManifest.xml:57:13-37
234
235        <receiver
235-->[androidx.work:work-runtime:2.9.0] AndroidManifest.xml:61:9-66:35
236            android:name="androidx.work.impl.utils.ForceStopRunnable$BroadcastReceiver"
236-->[androidx.work:work-runtime:2.9.0] AndroidManifest.xml:62:13-88
237            android:directBootAware="false"
237-->[androidx.work:work-runtime:2.9.0] AndroidManifest.xml:63:13-44
238            android:enabled="true"
238-->[androidx.work:work-runtime:2.9.0] AndroidManifest.xml:64:13-35
239            android:exported="false" />
239-->[androidx.work:work-runtime:2.9.0] AndroidManifest.xml:65:13-37
240        <receiver
240-->[androidx.work:work-runtime:2.9.0] AndroidManifest.xml:67:9-77:20
241            android:name="androidx.work.impl.background.systemalarm.ConstraintProxy$BatteryChargingProxy"
241-->[androidx.work:work-runtime:2.9.0] AndroidManifest.xml:68:13-106
242            android:directBootAware="false"
242-->[androidx.work:work-runtime:2.9.0] AndroidManifest.xml:69:13-44
243            android:enabled="false"
243-->[androidx.work:work-runtime:2.9.0] AndroidManifest.xml:70:13-36
244            android:exported="false" >
244-->[androidx.work:work-runtime:2.9.0] AndroidManifest.xml:71:13-37
245            <intent-filter>
245-->[androidx.work:work-runtime:2.9.0] AndroidManifest.xml:73:13-76:29
246                <action android:name="android.intent.action.ACTION_POWER_CONNECTED" />
246-->[androidx.work:work-runtime:2.9.0] AndroidManifest.xml:74:17-87
246-->[androidx.work:work-runtime:2.9.0] AndroidManifest.xml:74:25-84
247                <action android:name="android.intent.action.ACTION_POWER_DISCONNECTED" />
247-->[androidx.work:work-runtime:2.9.0] AndroidManifest.xml:75:17-90
247-->[androidx.work:work-runtime:2.9.0] AndroidManifest.xml:75:25-87
248            </intent-filter>
249        </receiver>
250        <receiver
250-->[androidx.work:work-runtime:2.9.0] AndroidManifest.xml:78:9-88:20
251            android:name="androidx.work.impl.background.systemalarm.ConstraintProxy$BatteryNotLowProxy"
251-->[androidx.work:work-runtime:2.9.0] AndroidManifest.xml:79:13-104
252            android:directBootAware="false"
252-->[androidx.work:work-runtime:2.9.0] AndroidManifest.xml:80:13-44
253            android:enabled="false"
253-->[androidx.work:work-runtime:2.9.0] AndroidManifest.xml:81:13-36
254            android:exported="false" >
254-->[androidx.work:work-runtime:2.9.0] AndroidManifest.xml:82:13-37
255            <intent-filter>
255-->[androidx.work:work-runtime:2.9.0] AndroidManifest.xml:84:13-87:29
256                <action android:name="android.intent.action.BATTERY_OKAY" />
256-->[androidx.work:work-runtime:2.9.0] AndroidManifest.xml:85:17-77
256-->[androidx.work:work-runtime:2.9.0] AndroidManifest.xml:85:25-74
257                <action android:name="android.intent.action.BATTERY_LOW" />
257-->[androidx.work:work-runtime:2.9.0] AndroidManifest.xml:86:17-76
257-->[androidx.work:work-runtime:2.9.0] AndroidManifest.xml:86:25-73
258            </intent-filter>
259        </receiver>
260        <receiver
260-->[androidx.work:work-runtime:2.9.0] AndroidManifest.xml:89:9-99:20